Build started 11/26/2012 1:17:46 PM.
     1>Project "C:\Dropbox\SDL-OpenGL-Shader\SDL-OpenGL-Shader\SDL-OpenGL-Shader.vcxproj" on node 2 (rebuild target(s)).
     1>_PrepareForClean:
         Deleting file "Debug\SDL-OpenGL-Shader.lastbuildstate".
       InitializeBuildStatus:
         Touching "Debug\SDL-OpenGL-Shader.unsuccessfulbuild".
       ClCompile:
         C:\Program Files (x86)\Microsoft Visual Studio 10.0\VC\bin\CL.exe /c /ZI /nologo /W3 /WX- /Od /Oy- /D _MBCS /Gm /EHsc /RTC1 /MD /GS /fp:precise /Zc:wchar_t /Zc:forScope /Fo"Debug\\" /Fd"Debug\vc100.pdb" /Gd /TP /analyze- /errorReport:prompt CubeWithShaders.cpp GLSL_ShaderManager.cpp main.cpp
         main.cpp
         GLSL_ShaderManager.cpp
     1>c:\dropbox\sdl-opengl-shader\sdl-opengl-shader\glsl_shadermanager.cpp(77): warning C4996: 'strncpy': This function or variable may be unsafe. Consider using strncpy_s instead. To disable deprecation, use _CRT_SECURE_NO_WARNINGS. See online help for details.
                 c:\program files (x86)\microsoft visual studio 10.0\vc\include\string.h(188) : see declaration of 'strncpy'
         CubeWithShaders.cpp
         Generating Code...
       Link:
         C:\Program Files (x86)\Microsoft Visual Studio 10.0\VC\bin\link.exe /ERRORREPORT:PROMPT /OUT:"C:\Dropbox\SDL-OpenGL-Shader\Debug\SDL-OpenGL-Shader.exe" /NOLOGO SDL.lib SDLmain.lib opengl32.lib glew32.lib glu32.lib kernel32.lib user32.lib gdi32.lib winspool.lib comdlg32.lib advapi32.lib shell32.lib ole32.lib oleaut32.lib uuid.lib odbc32.lib odbccp32.lib /MANIFEST /ManifestFile:"Debug\SDL-OpenGL-Shader.exe.intermediate.manifest" /MANIFESTUAC:"level='asInvoker' uiAccess='false'" /DEBUG /PDB:"C:\Dropbox\SDL-OpenGL-Shader\Debug\SDL-OpenGL-Shader.pdb" /SUBSYSTEM:WINDOWS /TLBID:1 /DYNAMICBASE /NXCOMPAT /IMPLIB:"C:\Dropbox\SDL-OpenGL-Shader\Debug\SDL-OpenGL-Shader.lib" /MACHINE:X86 Debug\CubeWithShaders.obj
         Debug\GLSL_ShaderManager.obj
         Debug\main.obj
         SDL-OpenGL-Shader.vcxproj -> C:\Dropbox\SDL-OpenGL-Shader\Debug\SDL-OpenGL-Shader.exe
       Manifest:
         C:\Program Files (x86)\Microsoft SDKs\Windows\v7.0A\bin\mt.exe /nologo /verbose /outputresource:"C:\Dropbox\SDL-OpenGL-Shader\Debug\SDL-OpenGL-Shader.exe;#1" /manifest "Debug\SDL-OpenGL-Shader.exe.intermediate.manifest"
       FinalizeBuildStatus:
         Deleting file "Debug\SDL-OpenGL-Shader.unsuccessfulbuild".
         Touching "Debug\SDL-OpenGL-Shader.lastbuildstate".
     1>Done Building Project "C:\Dropbox\SDL-OpenGL-Shader\SDL-OpenGL-Shader\SDL-OpenGL-Shader.vcxproj" (rebuild target(s)).

Build succeeded.

Time Elapsed 00:00:02.82
